20.3076 -3.8916 -16.46 
20.3076 -3.08789 -16.0967 
20.3076 -5.37109 -16.46 
20.3076 -5.37109 -16.46 
20.3076 -3.8916 -16.46 
20.3076 -3.8916 -16.46 
20.3076 -5.37109 -16.46 
20.3076 -3.8916 -16.46 
20.3076 -3.08789 -16.0967 
20.3076 -5.37109 -16.46 
20.3076 -3.8916 -16.46 
20.3076 -5.37109 -16.46 
20.3076 -3.08789 -16.0967 
20.3076 -3.08789 -16.0967 
20.3203 -2.61816 -16.46 
20.3203 -2.61816 -16.46 
20.3076 -3.8916 -16.46 
20.3076 -3.8916 -16.46 
20.3203 -2.61816 -16.46 
20.3076 -3.8916 -16.46 
20.3076 -3.8916 -16.46 
20.3076 -3.8916 -16.46 
20.3076 -5.37109 -16.46 
20.3076 -3.8916 -16.46 
20.3076 -5.37109 -16.46 
20.3076 -1.6084 -16.0967 
20.3076 -3.8916 -16.46 
20.3076 -3.8916 -16.46 
20.3076 -3.8916 -16.46 
20.3076 -5.37109 -16.46 
20.3076 -5.37109 -16.46 
20.3076 -3.8916 -16.46 
20.3076 -3.8916 -16.46 
20.3203 -2.61816 -16.46 
20.3076 -5.37109 -16.46 
20.3076 -3.8916 -16.46 
20.3203 -2.61816 -16.46 
20.3076 -5.37109 -16.46 
20.3076 -3.08789 -16.0967 
20.3076 -3.8916 -16.46 
20.3076 -3.8916 -16.46 
20.3076 -2.79004 -13.9473 
20.3076 -5.37109 -16.46 
20.3076 -3.8916 -16.46 
20.3076 -3.8916 -16.46 
20.3076 -3.08789 -16.0967 
20.3076 -3.8916 -16.46 
20.3076 -5.37109 -16.46 
20.3076 -3.8916 -16.46 
20.3076 -3.8916 -16.46 
-21.4951 7.37793 -16.6064 
-21.4951 6.99414 -15.3838 
-21.5234 8.9043 -10.7813 
-21.4902 8.58203 -14.4297 
-21.4902 7.2627 -13.6699 
-21.4902 9.64063 -15.3467 
-21.5459 8.81055 -13.0898 
-21.4941 7.58887 -13.9473 
-21.4902 8.2002 -15.458 
-21.4941 8.38281 -15.3467 
-21.4941 11.5703 -16.8232 
-21.4902 7.42969 -15.0586 
-21.4902 12.0898 -16.8213 
-21.4902 7.66602 -15.2871 
-21.4902 8.28418 -16.0967 
-21.4902 6.94238 -16.6064 
-21.4902 7.44238 -15.0586 
-21.4902 9.22949 -15.3467 
-21.4902 10.8916 -15.7832 
-21.4902 8.58203 -14.4297 
-21.5918 6.02246 -12.0371 
-21.4902 9.42285 -14.5371 
-21.5234 8.38477 -10.1924 
-21.4902 9.42285 -14.5371 
-21.4902 7.66602 -15.458 
-21.4902 8.2002 -15.458 
-21.5234 9.26953 -12.6436 
-21.5742 8.5127 -10.7783 
-21.4902 6.82422 -14.249 
-21.4902 9.22949 -15.3467 
-21.4902 8.58203 -14.4297 
-21.4902 8.58203 -14.4297 
-21.4902 9.22949 -15.3467 
-21.5742 7.55859 -10.3125 
-21.4941 6.5957 -15.0586 
-21.5586 8.81055 -12.9189 
-21.4902 8.11816 -16.1689 
-21.4902 9.84863 -15.5488 
-21.4902 8.28418 -16.0967 
-21.4902 8.58203 -14.4297 
-21.4902 9.22949 -15.3467 
-21.4902 7.66602 -15.2871 
-21.4902 9.22949 -15.3467 
-21.4941 7.73535 -14.4297 
-21.4902 9.22949 -15.3467 
-21.4902 8.28418 -16.0967 
-21.4902 8.28418 -16.0967 
-21.4902 7.66602 -15.2871 
-21.4941 7.73535 -14.4297 
-21.4902 9.64063 -15.3467 
-21.4912 -11.9258 10.626 
-21.4961 -11.7363 8.79492 
-21.4912 -14.793 15.5791 
-21.5693 -15.3271 14.8438 
-21.4912 -15.3271 15.5791 
-21.4912 -15.6016 16.0352 
-21.5391 -8.55859 10.1807 
-21.5693 -15.6016 15.2998 
-21.5693 -13.0762 11.25 
-21.4912 -13.4824 13.2363 
-21.5 -10.9258 8.22852 
-21.4912 -13.9131 12.8262 
-21.4912 -14.793 15.5791 
-21.4961 -12.3643 10.1709 
-21.4961 -14.0635 11.0957 
-21.4912 -11.9258 10.626 
-21.5693 -15.3271 14.8438 
-21.4912 -13.4824 13.2363 
-21.4912 -14.7217 13.2822 
-21.5234 -8.78613 10.2607 
-21.4912 -11.3916 10.626 
-21.4961 -10.5068 9.9541 
-21.4912 -17.0488 15.583 
-21.5732 -9.1543 10.3457 
-21.4912 -11.3916 10.626 
-21.5693 -13.4824 11.9033 
-21.5732 -8.4375 11.5488 
-21.5732 -8.37207 10.3799 
-21.4912 -16.2402 15.127 
-21.5713 -7.23438 10.9668 
-21.4912 -17.0488 15.583 
-21.4912 -13.4824 13.2363 
-21.4912 -16.2402 15.127 
-21.5234 -8.90527 9.6084 
-21.5205 -8.34277 11.9697 
-21.4912 -15.6016 16.0352 
-21.4912 -11.9258 10.626 
-21.5693 -13.208 11.1719 
-21.5742 -7.52441 10.7988 
-21.4912 -12.6738 11.9072 
-21.4912 -12.6738 11.9072 
-21.4951 -11.6738 10.7793 
-21.4961 -11.7363 8.79492 
-21.4912 -11.3916 10.626 
-21.4912 -11.3916 10.626 
-21.4912 -14.793 15.5791 
-21.4951 -10.6504 10.4795 
-21.4912 -15.3271 15.5791 
-21.4912 -11.9258 10.626 
-21.5742 -11.416 10.8125 
